<?xml version="1.0" encoding="UTF-8"?>
<!-- Generated by org.testng.reporters.JUnitReportReporter -->
<testsuite skipped="0" hostname="ShwetaPC" name="assignmentJenkin.VariousConcepts" tests="1" failures="0" timestamp="2022-06-08T12:00:01 EDT" time="10.452" errors="0">
  <testcase name="loginTest" time="10.452" classname="assignmentJenkin.VariousConcepts"/>
  <system-out/>
</testsuite> <!-- assignmentJenkin.VariousConcepts -->
